<?xml version="1.0" encoding="UTF-8"?>
<robot generator="Robot 3.1.1 (Python 3.6.0 on win32)" generated="20190512 21:29:04.151" rpa="false">
<suite id="s1" name="Vmallsell" source="E:\pythonproject\robot\vmallsell.robot">
<test id="s1-t1" name="华为商城热销单品">
<kw name="Open Browser" library="SeleniumLibrary">
<doc>Opens a new browser instance to the given ``url``.</doc>
<arguments>
<arg>https://www.vmall.com/index.html</arg>
<arg>chrome</arg>
</arguments>
<msg timestamp="20190512 21:29:04.331" level="INFO">Opening browser 'chrome' to base url 'https://www.vmall.com/index.html'.</msg>
<status status="PASS" starttime="20190512 21:29:04.331" endtime="20190512 21:29:13.307"></status>
</kw>
<kw name="Set Selenium Implicit Wait" library="SeleniumLibrary">
<doc>Sets the implicit wait value used by Selenium.</doc>
<arguments>
<arg>4</arg>
</arguments>
<status status="PASS" starttime="20190512 21:29:13.308" endtime="20190512 21:29:13.309"></status>
</kw>
<kw name="Get WebElements" library="SeleniumLibrary">
<doc>Returns list of WebElement objects matching the ``locator``.</doc>
<arguments>
<arg>css=.span-968&gt;.grid-list&gt;.grid-items&gt;.thumb &gt;.grid-title</arg>
</arguments>
<assign>
<var>@{eles}</var>
</assign>
<msg timestamp="20190512 21:29:13.319" level="INFO">@{eles} = [ &lt;selenium.webdriver.remote.webelement.WebElement (session="e3ae6294f34f54a5721406bf2363859e", element="0.17586738583226635-1")&gt; | &lt;selenium.webdriver.remote.webelement.WebElement (session="e3ae6294f...</msg>
<status status="PASS" starttime="20190512 21:29:13.309" endtime="20190512 21:29:13.319"></status>
</kw>
<kw name="${ele} IN [ @{eles} ]" type="for">
<kw name="${ele} = &lt;selenium.webdriver.remote.webelement.WebElement (session=&quot;e3ae6294f34f54a5721406bf2363859e&quot;, element=&quot;0.17586738583226635-1&quot;)&gt;" type="foritem">
<kw name="Log To Console" library="BuiltIn">
<doc>Logs the given message to the console.</doc>
<arguments>
<arg>${ele.text}</arg>
</arguments>
<status status="PASS" starttime="20190512 21:29:13.320" endtime="20190512 21:29:13.331"></status>
</kw>
<status status="PASS" starttime="20190512 21:29:13.319" endtime="20190512 21:29:13.331"></status>
</kw>
<kw name="${ele} = &lt;selenium.webdriver.remote.webelement.WebElement (session=&quot;e3ae6294f34f54a5721406bf2363859e&quot;, element=&quot;0.17586738583226635-2&quot;)&gt;" type="foritem">
<kw name="Log To Console" library="BuiltIn">
<doc>Logs the given message to the console.</doc>
<arguments>
<arg>${ele.text}</arg>
</arguments>
<status status="PASS" starttime="20190512 21:29:13.331" endtime="20190512 21:29:13.342"></status>
</kw>
<status status="PASS" starttime="20190512 21:29:13.331" endtime="20190512 21:29:13.342"></status>
</kw>
<kw name="${ele} = &lt;selenium.webdriver.remote.webelement.WebElement (session=&quot;e3ae6294f34f54a5721406bf2363859e&quot;, element=&quot;0.17586738583226635-3&quot;)&gt;" type="foritem">
<kw name="Log To Console" library="BuiltIn">
<doc>Logs the given message to the console.</doc>
<arguments>
<arg>${ele.text}</arg>
</arguments>
<status status="PASS" starttime="20190512 21:29:13.342" endtime="20190512 21:29:13.355"></status>
</kw>
<status status="PASS" starttime="20190512 21:29:13.342" endtime="20190512 21:29:13.355"></status>
</kw>
<kw name="${ele} = &lt;selenium.webdriver.remote.webelement.WebElement (session=&quot;e3ae6294f34f54a5721406bf2363859e&quot;, element=&quot;0.17586738583226635-4&quot;)&gt;" type="foritem">
<kw name="Log To Console" library="BuiltIn">
<doc>Logs the given message to the console.</doc>
<arguments>
<arg>${ele.text}</arg>
</arguments>
<status status="PASS" starttime="20190512 21:29:13.355" endtime="20190512 21:29:13.366"></status>
</kw>
<status status="PASS" starttime="20190512 21:29:13.355" endtime="20190512 21:29:13.366"></status>
</kw>
<kw name="${ele} = &lt;selenium.webdriver.remote.webelement.WebElement (session=&quot;e3ae6294f34f54a5721406bf2363859e&quot;, element=&quot;0.17586738583226635-5&quot;)&gt;" type="foritem">
<kw name="Log To Console" library="BuiltIn">
<doc>Logs the given message to the console.</doc>
<arguments>
<arg>${ele.text}</arg>
</arguments>
<status status="PASS" starttime="20190512 21:29:13.366" endtime="20190512 21:29:13.380"></status>
</kw>
<status status="PASS" starttime="20190512 21:29:13.366" endtime="20190512 21:29:13.380"></status>
</kw>
<kw name="${ele} = &lt;selenium.webdriver.remote.webelement.WebElement (session=&quot;e3ae6294f34f54a5721406bf2363859e&quot;, element=&quot;0.17586738583226635-6&quot;)&gt;" type="foritem">
<kw name="Log To Console" library="BuiltIn">
<doc>Logs the given message to the console.</doc>
<arguments>
<arg>${ele.text}</arg>
</arguments>
<status status="PASS" starttime="20190512 21:29:13.380" endtime="20190512 21:29:13.393"></status>
</kw>
<status status="PASS" starttime="20190512 21:29:13.380" endtime="20190512 21:29:13.393"></status>
</kw>
<kw name="${ele} = &lt;selenium.webdriver.remote.webelement.WebElement (session=&quot;e3ae6294f34f54a5721406bf2363859e&quot;, element=&quot;0.17586738583226635-7&quot;)&gt;" type="foritem">
<kw name="Log To Console" library="BuiltIn">
<doc>Logs the given message to the console.</doc>
<arguments>
<arg>${ele.text}</arg>
</arguments>
<status status="PASS" starttime="20190512 21:29:13.393" endtime="20190512 21:29:13.405"></status>
</kw>
<status status="PASS" starttime="20190512 21:29:13.393" endtime="20190512 21:29:13.405"></status>
</kw>
<kw name="${ele} = &lt;selenium.webdriver.remote.webelement.WebElement (session=&quot;e3ae6294f34f54a5721406bf2363859e&quot;, element=&quot;0.17586738583226635-8&quot;)&gt;" type="foritem">
<kw name="Log To Console" library="BuiltIn">
<doc>Logs the given message to the console.</doc>
<arguments>
<arg>${ele.text}</arg>
</arguments>
<status status="PASS" starttime="20190512 21:29:13.405" endtime="20190512 21:29:13.416"></status>
</kw>
<status status="PASS" starttime="20190512 21:29:13.405" endtime="20190512 21:29:13.416"></status>
</kw>
<status status="PASS" starttime="20190512 21:29:13.319" endtime="20190512 21:29:13.416"></status>
</kw>
<kw name="Close Browser" library="SeleniumLibrary">
<doc>Closes the current browser.</doc>
<status status="PASS" starttime="20190512 21:29:13.416" endtime="20190512 21:29:15.857"></status>
</kw>
<status status="PASS" starttime="20190512 21:29:04.331" endtime="20190512 21:29:15.857" critical="yes"></status>
</test>
<status status="PASS" starttime="20190512 21:29:04.151" endtime="20190512 21:29:15.857"></status>
</suite>
<statistics>
<total>
<stat pass="1" fail="0">Critical Tests</stat>
<stat pass="1" fail="0">All Tests</stat>
</total>
<tag>
</tag>
<suite>
<stat pass="1" fail="0" id="s1" name="Vmallsell">Vmallsell</stat>
</suite>
</statistics>
<errors>
</errors>
</robot>
