<?xml version="1.0" encoding="UTF-8"?>
<robot generator="Robot 3.1.1 (Python 3.6.0 on win32)" generated="20190526 18:23:55.242" rpa="false">
<suite id="s1" name="Tc" source="E:\pythonproject\actual_combat\tc">
<suite id="s1-s1" name="老师管理" source="E:\pythonproject\actual_combat\tc\老师管理">
<suite id="s1-s1-s1" name="添加老师" source="E:\pythonproject\actual_combat\tc\老师管理\添加老师.robot">
<test id="s1-s1-s1-t1" name="添加老师">
<kw name="addTeacher">
<assign>
<var>${listcourse}=</var>
</assign>
<msg timestamp="20190526 18:23:55.404" level="FAIL">No keyword with name 'addTeacher' found.</msg>
<status status="FAIL" starttime="20190526 18:23:55.404" endtime="20190526 18:23:55.404"></status>
</kw>
<status status="FAIL" starttime="20190526 18:23:55.399" endtime="20190526 18:23:55.404" critical="yes">No keyword with name 'addTeacher' found.</status>
</test>
<status status="FAIL" starttime="20190526 18:23:55.265" endtime="20190526 18:23:55.407"></status>
</suite>
<status status="FAIL" starttime="20190526 18:23:55.263" endtime="20190526 18:23:55.409"></status>
</suite>
<status status="FAIL" starttime="20190526 18:23:55.243" endtime="20190526 18:23:55.410"></status>
</suite>
<statistics>
<total>
<stat pass="0" fail="1">Critical Tests</stat>
<stat pass="0" fail="1">All Tests</stat>
</total>
<tag>
</tag>
<suite>
<stat pass="0" fail="1" id="s1" name="Tc">Tc</stat>
<stat pass="0" fail="1" id="s1-s1" name="老师管理">Tc.老师管理</stat>
<stat pass="0" fail="1" id="s1-s1-s1" name="添加老师">Tc.老师管理.添加老师</stat>
</suite>
</statistics>
<errors>
<msg timestamp="20190526 18:23:55.390" level="ERROR">Error in file 'E:\pythonproject\actual_combat\tc\老师管理\添加老师.robot': Importing test library 'addteacher' failed: ModuleNotFoundError: No module named 'addteacher'
Traceback (most recent call last):
  None
PYTHONPATH:
  E:\pythonproject\actual_combat
  D:\python3.6\Scripts\robot.exe
  d:\python3.6\python36.zip
  d:\python3.6\DLLs
  d:\python3.6\lib
  d:\python3.6
  d:\python3.6\lib\site-packages
  d:\python3.6\lib\site-packages\pip-19.1.1-py3.6.egg
  d:\python3.6\lib\site-packages\win32
  d:\python3.6\lib\site-packages\win32\lib
  d:\python3.6\lib\site-packages\Pythonwin</msg>
<msg timestamp="20190526 18:23:55.393" level="ERROR">Error in file 'E:\pythonproject\actual_combat\tc\老师管理\添加老师.robot': Importing test library 'teacherlib' failed: ModuleNotFoundError: No module named 'teacherlib'
Traceback (most recent call last):
  None
PYTHONPATH:
  E:\pythonproject\actual_combat
  D:\python3.6\Scripts\robot.exe
  d:\python3.6\python36.zip
  d:\python3.6\DLLs
  d:\python3.6\lib
  d:\python3.6
  d:\python3.6\lib\site-packages
  d:\python3.6\lib\site-packages\pip-19.1.1-py3.6.egg
  d:\python3.6\lib\site-packages\win32
  d:\python3.6\lib\site-packages\win32\lib
  d:\python3.6\lib\site-packages\Pythonwin</msg>
<msg timestamp="20190526 18:23:55.396" level="ERROR">Error in file 'E:\pythonproject\actual_combat\tc\老师管理\添加老师.robot': Importing test library 'courselib' failed: ModuleNotFoundError: No module named 'courselib'
Traceback (most recent call last):
  None
PYTHONPATH:
  E:\pythonproject\actual_combat
  D:\python3.6\Scripts\robot.exe
  d:\python3.6\python36.zip
  d:\python3.6\DLLs
  d:\python3.6\lib
  d:\python3.6
  d:\python3.6\lib\site-packages
  d:\python3.6\lib\site-packages\pip-19.1.1-py3.6.egg
  d:\python3.6\lib\site-packages\win32
  d:\python3.6\lib\site-packages\win32\lib
  d:\python3.6\lib\site-packages\Pythonwin</msg>
</errors>
</robot>
