<?xml version="1.0" encoding="UTF-8"?>
<robot generator="Robot 3.1.1 (Python 3.6.0 on win32)" generated="20190514 23:33:55.734" rpa="false">
<suite id="s1" name="Course4" source="E:\pythonproject\suites\course4.robot">
<test id="s1-t1" name="课程添加用例1">
<kw name="Coursedel" library="deleteAllCourse" type="setup">
<status status="PASS" starttime="20190514 23:33:55.881" endtime="20190514 23:34:07.141"></status>
</kw>
<kw name="loginwebsite" library="ky">
<arguments>
<arg>auto</arg>
<arg>sdfsdfsdf</arg>
</arguments>
<kw name="Open Browser" library="SeleniumLibrary">
<doc>Opens a new browser instance to the given ``url``.</doc>
<arguments>
<arg>http://localhost/mgr/login/login.html</arg>
<arg>chrome</arg>
</arguments>
<msg timestamp="20190514 23:34:07.142" level="INFO">Opening browser 'chrome' to base url 'http://localhost/mgr/login/login.html'.</msg>
<status status="PASS" starttime="20190514 23:34:07.142" endtime="20190514 23:34:12.546"></status>
</kw>
<kw name="Set Browser Implicit Wait" library="SeleniumLibrary">
<doc>Sets the implicit wait value used by Selenium.</doc>
<arguments>
<arg>10</arg>
</arguments>
<status status="PASS" starttime="20190514 23:34:12.546" endtime="20190514 23:34:12.547"></status>
</kw>
<kw name="Input Text" library="SeleniumLibrary">
<doc>Types the given ``text`` into text field identified by ``locator``.</doc>
<arguments>
<arg>id=username</arg>
<arg>${username}</arg>
</arguments>
<msg timestamp="20190514 23:34:12.548" level="INFO">Typing text 'auto' into text field 'id=username'.</msg>
<status status="PASS" starttime="20190514 23:34:12.548" endtime="20190514 23:34:12.621"></status>
</kw>
<kw name="Input Text" library="SeleniumLibrary">
<doc>Types the given ``text`` into text field identified by ``locator``.</doc>
<arguments>
<arg>id=password</arg>
<arg>${password}</arg>
</arguments>
<msg timestamp="20190514 23:34:12.622" level="INFO">Typing text 'sdfsdfsdf' into text field 'id=password'.</msg>
<status status="PASS" starttime="20190514 23:34:12.621" endtime="20190514 23:34:12.686"></status>
</kw>
<kw name="Click Element" library="SeleniumLibrary">
<doc>Click element identified by ``locator``.</doc>
<arguments>
<arg>css=.btn-success</arg>
</arguments>
<msg timestamp="20190514 23:34:12.686" level="INFO">Clicking element 'css=.btn-success'.</msg>
<status status="PASS" starttime="20190514 23:34:12.686" endtime="20190514 23:34:12.732"></status>
</kw>
<status status="PASS" starttime="20190514 23:34:07.141" endtime="20190514 23:34:12.733"></status>
</kw>
<kw name="Set Browser Implicit Wait" library="SeleniumLibrary">
<doc>Sets the implicit wait value used by Selenium.</doc>
<arguments>
<arg>10</arg>
</arguments>
<status status="PASS" starttime="20190514 23:34:12.733" endtime="20190514 23:34:12.734"></status>
</kw>
<kw name="addcourse" library="ky">
<arguments>
<arg>robot1</arg>
<arg>robot1desc</arg>
<arg>1</arg>
</arguments>
<kw name="Click Element" library="SeleniumLibrary">
<doc>Click element identified by ``locator``.</doc>
<arguments>
<arg>css=[ng-click="showAddOne=true"]</arg>
</arguments>
<msg timestamp="20190514 23:34:12.735" level="INFO">Clicking element 'css=[ng-click="showAddOne=true"]'.</msg>
<status status="PASS" starttime="20190514 23:34:12.735" endtime="20190514 23:34:14.780"></status>
</kw>
<kw name="Input Text" library="SeleniumLibrary">
<doc>Types the given ``text`` into text field identified by ``locator``.</doc>
<arguments>
<arg>css=[ng-model="addData.name"]</arg>
<arg>${coursename}</arg>
</arguments>
<msg timestamp="20190514 23:34:14.780" level="INFO">Typing text 'robot1' into text field 'css=[ng-model="addData.name"]'.</msg>
<status status="PASS" starttime="20190514 23:34:14.780" endtime="20190514 23:34:14.862"></status>
</kw>
<kw name="Input Text" library="SeleniumLibrary">
<doc>Types the given ``text`` into text field identified by ``locator``.</doc>
<arguments>
<arg>css=[ng-model="addData.desc"]</arg>
<arg>${coursedesc}</arg>
</arguments>
<msg timestamp="20190514 23:34:14.862" level="INFO">Typing text 'robot1desc' into text field 'css=[ng-model="addData.desc"]'.</msg>
<status status="PASS" starttime="20190514 23:34:14.862" endtime="20190514 23:34:14.947"></status>
</kw>
<kw name="Input Text" library="SeleniumLibrary">
<doc>Types the given ``text`` into text field identified by ``locator``.</doc>
<arguments>
<arg>css=[ng-model="addData.display_idx"]</arg>
<arg>${courseidx}</arg>
</arguments>
<msg timestamp="20190514 23:34:14.947" level="INFO">Typing text '1' into text field 'css=[ng-model="addData.display_idx"]'.</msg>
<status status="PASS" starttime="20190514 23:34:14.947" endtime="20190514 23:34:15.012"></status>
</kw>
<kw name="Click Element" library="SeleniumLibrary">
<doc>Click element identified by ``locator``.</doc>
<arguments>
<arg>css=[ng-click="addOne()"]</arg>
</arguments>
<msg timestamp="20190514 23:34:15.012" level="INFO">Clicking element 'css=[ng-click="addOne()"]'.</msg>
<status status="PASS" starttime="20190514 23:34:15.012" endtime="20190514 23:34:15.066"></status>
</kw>
<kw name="Sleep" library="BuiltIn">
<doc>Pauses the test executed for the given time.</doc>
<arguments>
<arg>3</arg>
</arguments>
<msg timestamp="20190514 23:34:18.068" level="INFO">Slept 3 seconds</msg>
<status status="PASS" starttime="20190514 23:34:15.067" endtime="20190514 23:34:18.068"></status>
</kw>
<status status="PASS" starttime="20190514 23:34:12.735" endtime="20190514 23:34:18.068"></status>
</kw>
<kw name="GetCourseList" library="ky">
<assign>
<var>${course}</var>
</assign>
<kw name="Get WebElements" library="SeleniumLibrary">
<doc>Returns list of WebElement objects matching the ``locator``.</doc>
<arguments>
<arg>css=tbody&gt;tr&gt;td:nth-child(2)</arg>
</arguments>
<assign>
<var>${eles}</var>
</assign>
<msg timestamp="20190514 23:34:18.079" level="INFO">${eles} = [&lt;selenium.webdriver.remote.webelement.WebElement (session="27cf09be0b42584141416639c12c99e1", element="0.6970285388865918-6")&gt;]</msg>
<status status="PASS" starttime="20190514 23:34:18.070" endtime="20190514 23:34:18.079"></status>
</kw>
<kw name="Create List" library="BuiltIn">
<doc>Returns a list containing given items.</doc>
<assign>
<var>${courses}</var>
</assign>
<msg timestamp="20190514 23:34:18.079" level="INFO">${courses} = []</msg>
<status status="PASS" starttime="20190514 23:34:18.079" endtime="20190514 23:34:18.079"></status>
</kw>
<kw name="${ele} IN [ @{eles} ]" type="for">
<kw name="${ele} = &lt;selenium.webdriver.remote.webelement.WebElement (session=&quot;27cf09be0b42584141416639c12c99e1&quot;, element=&quot;0.6970285388865918-6&quot;)&gt;" type="foritem">
<kw name="Log To Console" library="BuiltIn">
<doc>Logs the given message to the console.</doc>
<arguments>
<arg>${ele.text}</arg>
</arguments>
<status status="PASS" starttime="20190514 23:34:18.080" endtime="20190514 23:34:18.091"></status>
</kw>
<kw name="Append To List" library="Collections">
<doc>Adds ``values`` to the end of ``list``.</doc>
<arguments>
<arg>${courses}</arg>
<arg>${ele.text}</arg>
</arguments>
<status status="PASS" starttime="20190514 23:34:18.091" endtime="20190514 23:34:18.098"></status>
</kw>
<status status="PASS" starttime="20190514 23:34:18.080" endtime="20190514 23:34:18.098"></status>
</kw>
<status status="PASS" starttime="20190514 23:34:18.080" endtime="20190514 23:34:18.098"></status>
</kw>
<msg timestamp="20190514 23:34:18.098" level="INFO">${course} = ['robot1']</msg>
<status status="PASS" starttime="20190514 23:34:18.069" endtime="20190514 23:34:18.098"></status>
</kw>
<kw name="Should Be True" library="BuiltIn">
<doc>Fails if the given condition is not true.</doc>
<arguments>
<arg>$course==['robot1']</arg>
</arguments>
<status status="PASS" starttime="20190514 23:34:18.099" endtime="20190514 23:34:18.103"></status>
</kw>
<kw name="Close Browser" library="SeleniumLibrary">
<doc>Closes the current browser.</doc>
<status status="PASS" starttime="20190514 23:34:18.103" endtime="20190514 23:34:20.210"></status>
</kw>
<kw name="Coursedel" library="deleteAllCourse" type="teardown">
<status status="PASS" starttime="20190514 23:34:20.210" endtime="20190514 23:34:36.799"></status>
</kw>
<status status="PASS" starttime="20190514 23:33:55.880" endtime="20190514 23:34:36.799" critical="yes"></status>
</test>
<test id="s1-t2" name="课程添加用例2">
<kw name="Coursedel" library="deleteAllCourse" type="setup">
<status status="PASS" starttime="20190514 23:34:36.801" endtime="20190514 23:34:48.360"></status>
</kw>
<kw name="loginwebsite" library="ky">
<arguments>
<arg>auto</arg>
<arg>sdfsdfsdf</arg>
</arguments>
<kw name="Open Browser" library="SeleniumLibrary">
<doc>Opens a new browser instance to the given ``url``.</doc>
<arguments>
<arg>http://localhost/mgr/login/login.html</arg>
<arg>chrome</arg>
</arguments>
<msg timestamp="20190514 23:34:48.361" level="INFO">Opening browser 'chrome' to base url 'http://localhost/mgr/login/login.html'.</msg>
<status status="PASS" starttime="20190514 23:34:48.361" endtime="20190514 23:34:53.267"></status>
</kw>
<kw name="Set Browser Implicit Wait" library="SeleniumLibrary">
<doc>Sets the implicit wait value used by Selenium.</doc>
<arguments>
<arg>10</arg>
</arguments>
<status status="PASS" starttime="20190514 23:34:53.267" endtime="20190514 23:34:53.268"></status>
</kw>
<kw name="Input Text" library="SeleniumLibrary">
<doc>Types the given ``text`` into text field identified by ``locator``.</doc>
<arguments>
<arg>id=username</arg>
<arg>${username}</arg>
</arguments>
<msg timestamp="20190514 23:34:53.269" level="INFO">Typing text 'auto' into text field 'id=username'.</msg>
<status status="PASS" starttime="20190514 23:34:53.268" endtime="20190514 23:34:53.346"></status>
</kw>
<kw name="Input Text" library="SeleniumLibrary">
<doc>Types the given ``text`` into text field identified by ``locator``.</doc>
<arguments>
<arg>id=password</arg>
<arg>${password}</arg>
</arguments>
<msg timestamp="20190514 23:34:53.346" level="INFO">Typing text 'sdfsdfsdf' into text field 'id=password'.</msg>
<status status="PASS" starttime="20190514 23:34:53.346" endtime="20190514 23:34:53.412"></status>
</kw>
<kw name="Click Element" library="SeleniumLibrary">
<doc>Click element identified by ``locator``.</doc>
<arguments>
<arg>css=.btn-success</arg>
</arguments>
<msg timestamp="20190514 23:34:53.413" level="INFO">Clicking element 'css=.btn-success'.</msg>
<status status="PASS" starttime="20190514 23:34:53.413" endtime="20190514 23:34:53.453"></status>
</kw>
<status status="PASS" starttime="20190514 23:34:48.360" endtime="20190514 23:34:53.453"></status>
</kw>
<kw name="Set Browser Implicit Wait" library="SeleniumLibrary">
<doc>Sets the implicit wait value used by Selenium.</doc>
<arguments>
<arg>10</arg>
</arguments>
<status status="PASS" starttime="20190514 23:34:53.453" endtime="20190514 23:34:53.456"></status>
</kw>
<kw name="addcourse" library="ky">
<arguments>
<arg>python</arg>
<arg>pythondesc</arg>
<arg>2</arg>
</arguments>
<kw name="Click Element" library="SeleniumLibrary">
<doc>Click element identified by ``locator``.</doc>
<arguments>
<arg>css=[ng-click="showAddOne=true"]</arg>
</arguments>
<msg timestamp="20190514 23:34:53.457" level="INFO">Clicking element 'css=[ng-click="showAddOne=true"]'.</msg>
<status status="PASS" starttime="20190514 23:34:53.457" endtime="20190514 23:34:54.749"></status>
</kw>
<kw name="Input Text" library="SeleniumLibrary">
<doc>Types the given ``text`` into text field identified by ``locator``.</doc>
<arguments>
<arg>css=[ng-model="addData.name"]</arg>
<arg>${coursename}</arg>
</arguments>
<msg timestamp="20190514 23:34:54.750" level="INFO">Typing text 'python' into text field 'css=[ng-model="addData.name"]'.</msg>
<status status="PASS" starttime="20190514 23:34:54.750" endtime="20190514 23:34:54.815"></status>
</kw>
<kw name="Input Text" library="SeleniumLibrary">
<doc>Types the given ``text`` into text field identified by ``locator``.</doc>
<arguments>
<arg>css=[ng-model="addData.desc"]</arg>
<arg>${coursedesc}</arg>
</arguments>
<msg timestamp="20190514 23:34:54.815" level="INFO">Typing text 'pythondesc' into text field 'css=[ng-model="addData.desc"]'.</msg>
<status status="PASS" starttime="20190514 23:34:54.815" endtime="20190514 23:34:54.883"></status>
</kw>
<kw name="Input Text" library="SeleniumLibrary">
<doc>Types the given ``text`` into text field identified by ``locator``.</doc>
<arguments>
<arg>css=[ng-model="addData.display_idx"]</arg>
<arg>${courseidx}</arg>
</arguments>
<msg timestamp="20190514 23:34:54.884" level="INFO">Typing text '2' into text field 'css=[ng-model="addData.display_idx"]'.</msg>
<status status="PASS" starttime="20190514 23:34:54.883" endtime="20190514 23:34:54.943"></status>
</kw>
<kw name="Click Element" library="SeleniumLibrary">
<doc>Click element identified by ``locator``.</doc>
<arguments>
<arg>css=[ng-click="addOne()"]</arg>
</arguments>
<msg timestamp="20190514 23:34:54.943" level="INFO">Clicking element 'css=[ng-click="addOne()"]'.</msg>
<status status="PASS" starttime="20190514 23:34:54.943" endtime="20190514 23:34:54.993"></status>
</kw>
<kw name="Sleep" library="BuiltIn">
<doc>Pauses the test executed for the given time.</doc>
<arguments>
<arg>3</arg>
</arguments>
<msg timestamp="20190514 23:34:57.994" level="INFO">Slept 3 seconds</msg>
<status status="PASS" starttime="20190514 23:34:54.994" endtime="20190514 23:34:57.994"></status>
</kw>
<status status="PASS" starttime="20190514 23:34:53.456" endtime="20190514 23:34:57.995"></status>
</kw>
<kw name="GetCourseList" library="ky">
<assign>
<var>${course}</var>
</assign>
<kw name="Get WebElements" library="SeleniumLibrary">
<doc>Returns list of WebElement objects matching the ``locator``.</doc>
<arguments>
<arg>css=tbody&gt;tr&gt;td:nth-child(2)</arg>
</arguments>
<assign>
<var>${eles}</var>
</assign>
<msg timestamp="20190514 23:34:58.012" level="INFO">${eles} = [&lt;selenium.webdriver.remote.webelement.WebElement (session="8100f08eae4c9fc0ee09a5d98c843fed", element="0.825739551524072-6")&gt;]</msg>
<status status="PASS" starttime="20190514 23:34:57.997" endtime="20190514 23:34:58.012"></status>
</kw>
<kw name="Create List" library="BuiltIn">
<doc>Returns a list containing given items.</doc>
<assign>
<var>${courses}</var>
</assign>
<msg timestamp="20190514 23:34:58.012" level="INFO">${courses} = []</msg>
<status status="PASS" starttime="20190514 23:34:58.012" endtime="20190514 23:34:58.012"></status>
</kw>
<kw name="${ele} IN [ @{eles} ]" type="for">
<kw name="${ele} = &lt;selenium.webdriver.remote.webelement.WebElement (session=&quot;8100f08eae4c9fc0ee09a5d98c843fed&quot;, element=&quot;0.825739551524072-6&quot;)&gt;" type="foritem">
<kw name="Log To Console" library="BuiltIn">
<doc>Logs the given message to the console.</doc>
<arguments>
<arg>${ele.text}</arg>
</arguments>
<status status="PASS" starttime="20190514 23:34:58.013" endtime="20190514 23:34:58.025"></status>
</kw>
<kw name="Append To List" library="Collections">
<doc>Adds ``values`` to the end of ``list``.</doc>
<arguments>
<arg>${courses}</arg>
<arg>${ele.text}</arg>
</arguments>
<status status="PASS" starttime="20190514 23:34:58.025" endtime="20190514 23:34:58.033"></status>
</kw>
<status status="PASS" starttime="20190514 23:34:58.013" endtime="20190514 23:34:58.033"></status>
</kw>
<status status="PASS" starttime="20190514 23:34:58.012" endtime="20190514 23:34:58.033"></status>
</kw>
<msg timestamp="20190514 23:34:58.033" level="INFO">${course} = ['python']</msg>
<status status="PASS" starttime="20190514 23:34:57.996" endtime="20190514 23:34:58.033"></status>
</kw>
<kw name="Should Be True" library="BuiltIn">
<doc>Fails if the given condition is not true.</doc>
<arguments>
<arg>$course==['python']</arg>
</arguments>
<status status="PASS" starttime="20190514 23:34:58.034" endtime="20190514 23:34:58.034"></status>
</kw>
<kw name="Close Browser" library="SeleniumLibrary">
<doc>Closes the current browser.</doc>
<status status="PASS" starttime="20190514 23:34:58.035" endtime="20190514 23:35:00.336"></status>
</kw>
<kw name="Coursedel" library="deleteAllCourse" type="teardown">
<status status="PASS" starttime="20190514 23:35:00.336" endtime="20190514 23:35:17.109"></status>
</kw>
<status status="PASS" starttime="20190514 23:34:36.800" endtime="20190514 23:35:17.109" critical="yes"></status>
</test>
<status status="PASS" starttime="20190514 23:33:55.736" endtime="20190514 23:35:17.111"></status>
</suite>
<statistics>
<total>
<stat pass="2" fail="0">Critical Tests</stat>
<stat pass="2" fail="0">All Tests</stat>
</total>
<tag>
</tag>
<suite>
<stat pass="2" fail="0" id="s1" name="Course4">Course4</stat>
</suite>
</statistics>
<errors>
</errors>
</robot>
